mode: set
github.com/shah444/bookings-GoLang-Course/internal/forms/errors.go:5.44,7.2 1 1
github.com/shah444/bookings-GoLang-Course/internal/forms/errors.go:9.42,11.18 2 0
github.com/shah444/bookings-GoLang-Course/internal/forms/errors.go:14.2,14.14 1 0
github.com/shah444/bookings-GoLang-Course/internal/forms/errors.go:11.18,13.3 1 0
github.com/shah444/bookings-GoLang-Course/internal/forms/forms.go:18.33,23.2 1 1
github.com/shah444/bookings-GoLang-Course/internal/forms/forms.go:26.29,28.2 1 1
github.com/shah444/bookings-GoLang-Course/internal/forms/forms.go:31.43,32.31 1 1
github.com/shah444/bookings-GoLang-Course/internal/forms/forms.go:32.31,34.37 2 1
github.com/shah444/bookings-GoLang-Course/internal/forms/forms.go:34.37,36.4 1 1
github.com/shah444/bookings-GoLang-Course/internal/forms/forms.go:41.39,44.2 2 1
github.com/shah444/bookings-GoLang-Course/internal/forms/forms.go:47.57,49.21 2 1
github.com/shah444/bookings-GoLang-Course/internal/forms/forms.go:53.2,53.13 1 1
github.com/shah444/bookings-GoLang-Course/internal/forms/forms.go:49.21,52.3 2 1
github.com/shah444/bookings-GoLang-Course/internal/forms/forms.go:57.43,58.40 1 1
github.com/shah444/bookings-GoLang-Course/internal/forms/forms.go:62.2,62.13 1 1
github.com/shah444/bookings-GoLang-Course/internal/forms/forms.go:58.40,61.3 2 1
