mode: set
github.com/shah444/bookings-GoLang-Course/internal/handlers/handlers.go:30.62,35.2 1 1
github.com/shah444/bookings-GoLang-Course/internal/handlers/handlers.go:38.51,43.2 1 1
github.com/shah444/bookings-GoLang-Course/internal/handlers/handlers.go:46.33,48.2 1 1
github.com/shah444/bookings-GoLang-Course/internal/handlers/handlers.go:50.64,54.16 3 1
github.com/shah444/bookings-GoLang-Course/internal/handlers/handlers.go:58.2,59.16 2 1
github.com/shah444/bookings-GoLang-Course/internal/handlers/handlers.go:63.2,67.19 4 1
github.com/shah444/bookings-GoLang-Course/internal/handlers/handlers.go:54.16,56.3 1 1
github.com/shah444/bookings-GoLang-Course/internal/handlers/handlers.go:59.16,61.3 1 1
github.com/shah444/bookings-GoLang-Course/internal/handlers/handlers.go:71.67,73.2 1 1
github.com/shah444/bookings-GoLang-Course/internal/handlers/handlers.go:76.68,78.2 1 1
github.com/shah444/bookings-GoLang-Course/internal/handlers/handlers.go:81.74,84.9 2 1
github.com/shah444/bookings-GoLang-Course/internal/handlers/handlers.go:90.2,91.16 2 1
github.com/shah444/bookings-GoLang-Course/internal/handlers/handlers.go:97.2,115.4 10 1
github.com/shah444/bookings-GoLang-Course/internal/handlers/handlers.go:84.9,88.3 3 1
github.com/shah444/bookings-GoLang-Course/internal/handlers/handlers.go:91.16,95.3 3 1
github.com/shah444/bookings-GoLang-Course/internal/handlers/handlers.go:119.78,121.9 2 1
github.com/shah444/bookings-GoLang-Course/internal/handlers/handlers.go:128.2,129.16 2 1
github.com/shah444/bookings-GoLang-Course/internal/handlers/handlers.go:136.2,147.19 9 1
github.com/shah444/bookings-GoLang-Course/internal/handlers/handlers.go:160.2,161.16 2 1
github.com/shah444/bookings-GoLang-Course/internal/handlers/handlers.go:168.2,177.16 3 1
github.com/shah444/bookings-GoLang-Course/internal/handlers/handlers.go:184.2,186.66 2 1
github.com/shah444/bookings-GoLang-Course/internal/handlers/handlers.go:121.9,126.3 3 1
github.com/shah444/bookings-GoLang-Course/internal/handlers/handlers.go:129.16,134.3 3 1
github.com/shah444/bookings-GoLang-Course/internal/handlers/handlers.go:147.19,158.3 6 1
github.com/shah444/bookings-GoLang-Course/internal/handlers/handlers.go:161.16,166.3 3 1
github.com/shah444/bookings-GoLang-Course/internal/handlers/handlers.go:177.16,182.3 3 1
github.com/shah444/bookings-GoLang-Course/internal/handlers/handlers.go:190.81,192.9 2 1
github.com/shah444/bookings-GoLang-Course/internal/handlers/handlers.go:199.2,208.112 8 1
github.com/shah444/bookings-GoLang-Course/internal/handlers/handlers.go:192.9,197.3 4 1
github.com/shah444/bookings-GoLang-Course/internal/handlers/handlers.go:212.71,214.2 1 1
github.com/shah444/bookings-GoLang-Course/internal/handlers/handlers.go:217.69,219.2 1 1
github.com/shah444/bookings-GoLang-Course/internal/handlers/handlers.go:222.75,224.2 1 1
github.com/shah444/bookings-GoLang-Course/internal/handlers/handlers.go:227.79,229.16 2 1
github.com/shah444/bookings-GoLang-Course/internal/handlers/handlers.go:236.2,237.16 2 1
github.com/shah444/bookings-GoLang-Course/internal/handlers/handlers.go:243.2,247.16 4 1
github.com/shah444/bookings-GoLang-Course/internal/handlers/handlers.go:253.2,253.21 1 1
github.com/shah444/bookings-GoLang-Course/internal/handlers/handlers.go:259.2,269.82 8 1
github.com/shah444/bookings-GoLang-Course/internal/handlers/handlers.go:229.16,234.3 3 1
github.com/shah444/bookings-GoLang-Course/internal/handlers/handlers.go:237.16,241.3 3 1
github.com/shah444/bookings-GoLang-Course/internal/handlers/handlers.go:247.16,251.3 3 1
github.com/shah444/bookings-GoLang-Course/internal/handlers/handlers.go:253.21,258.3 3 1
github.com/shah444/bookings-GoLang-Course/internal/handlers/handlers.go:282.79,285.16 2 1
github.com/shah444/bookings-GoLang-Course/internal/handlers/handlers.go:298.2,299.16 2 1
github.com/shah444/bookings-GoLang-Course/internal/handlers/handlers.go:311.2,313.16 2 1
github.com/shah444/bookings-GoLang-Course/internal/handlers/handlers.go:325.2,326.16 2 1
github.com/shah444/bookings-GoLang-Course/internal/handlers/handlers.go:338.2,349.14 4 1
github.com/shah444/bookings-GoLang-Course/internal/handlers/handlers.go:285.16,296.3 5 1
github.com/shah444/bookings-GoLang-Course/internal/handlers/handlers.go:299.16,309.3 5 1
github.com/shah444/bookings-GoLang-Course/internal/handlers/handlers.go:313.16,323.3 5 1
github.com/shah444/bookings-GoLang-Course/internal/handlers/handlers.go:326.16,336.3 5 1
github.com/shah444/bookings-GoLang-Course/internal/handlers/handlers.go:353.73,356.16 3 1
github.com/shah444/bookings-GoLang-Course/internal/handlers/handlers.go:362.2,363.9 2 1
github.com/shah444/bookings-GoLang-Course/internal/handlers/handlers.go:369.2,373.63 3 1
github.com/shah444/bookings-GoLang-Course/internal/handlers/handlers.go:356.16,360.3 3 1
github.com/shah444/bookings-GoLang-Course/internal/handlers/handlers.go:363.9,367.3 3 1
github.com/shah444/bookings-GoLang-Course/internal/handlers/handlers.go:377.71,383.16 5 1
github.com/shah444/bookings-GoLang-Course/internal/handlers/handlers.go:389.2,390.16 2 1
github.com/shah444/bookings-GoLang-Course/internal/handlers/handlers.go:396.2,405.63 7 1
github.com/shah444/bookings-GoLang-Course/internal/handlers/handlers.go:383.16,387.3 3 1
github.com/shah444/bookings-GoLang-Course/internal/handlers/handlers.go:390.16,394.3 3 1
github.com/shah444/bookings-GoLang-Course/internal/handlers/handlers.go:409.70,411.2 1 1
